Arguments: 
  /Users/kevinle/.nvm/versions/node/v14.19.0/bin/node /usr/local/Cellar/yarn/1.22.17_2/libexec/bin/yarn.js start

PATH: 
  /Users/kevinle/.rbenv/shims:/Users/kevinle/.rbenv/bin:/Users/kevinle/.rbenv/shims:/Users/kevinle/.rbenv/bin:/Users/kevinle/.rbenv/shims:/Users/kevinle/.rbenv/bin:/Users/kevinle/.nvm/versions/node/v14.19.0/bin:/Users/kevinle/.rbenv/shims:/Users/kevinle/.rbenv/bin:/usr/local/bin:/usr/bin:/bin:/usr/sbin:/sbin:/Applications/Postgres.app/Contents/Versions/latest/bin:/Users/kevinle/.rbenv/shims:/Users/kevinle/.rbenv/bin

Yarn version: 
  1.22.17

Node version: 
  14.19.0

Platform: 
  darwin x64

Trace: 
  SyntaxError: /Users/kevinle/Projects/nft-explorer/package.json: Unexpected string in JSON at position 183
      at JSON.parse (<anonymous>)
      at /usr/local/Cellar/yarn/1.22.17_2/libexec/lib/cli.js:1625:59
      at Generator.next (<anonymous>)
      at step (/usr/local/Cellar/yarn/1.22.17_2/libexec/lib/cli.js:310:30)
      at /usr/local/Cellar/yarn/1.22.17_2/libexec/lib/cli.js:321:13

npm manifest: 
  {
    "name": "nft-explorer",
    "version": "1.0.0",
    "description": "",
    "main": "index.js",
    "browserslist": [
      "defaults"
    ],
    "scripts": {
      "start": "node ./index.js"
      "watch": "webpack --watch --mode=development",
      "build": "webpack --mode=production"
    },
    "keywords": [],
    "author": "",
    "license": "ISC",
    "dependencies": {
      "@babel/core": "^7.17.5",
      "@babel/preset-env": "^7.16.11",
      "babel-loader": "^8.2.3",
      "core-js": "^3.21.1",
      "css-loader": "^6.6.0",
      "dotenv": "^16.0.0",
      "mini-css-extract-plugin": "^2.5.3",
      "moralis": "^1.3.2",
      "node-fetch": "^3.2.0",
      "regenerator-runtime": "^0.13.9",
      "sass": "^1.49.9",
      "sass-loader": "^12.6.0",
      "webpack": "^5.69.1",
      "webpack-cli": "^4.9.2"
    }
  }

yarn manifest: 
  No manifest

Lockfile: 
  No lockfile
